# JRE version: Java(TM) SE Runtime Environment (20.0.1+9) (build 20.0.1+9-29)
# Java VM: Java HotSpot(TM) 64-Bit Server VM (20.0.1+9-29, mixed mode, sharing, tiered, compressed oops, compressed class ptrs, g1 gc, windows-amd64)
GC Precious Log:
 CardTable entry size: 512
 Card Set container configuration: InlinePtr #cards 5 size 8 Array Of Cards #cards 12 size 40 Howl #buckets 4 coarsen threshold 1843 Howl Bitmap #cards 512 size 80 coarsen threshold 460 Card regions per heap region 1 cards per card region 2048
 CPUs: 2 total, 2 available
 Memory: 6030M
 Large Page Support: Disabled
 NUMA Support: Disabled
 Compressed Oops: Enabled (32-bit)
 Heap Region Size: 1M
 Heap Min Capacity: 8M
 Heap Initial Capacity: 96M
 Heap Max Capacity: 1508M
 Pre-touch: Disabled
 Parallel Workers: 2
 Concurrent Workers: 1
 Concurrent Refinement Workers: 2
 Periodic GC: Disabled
Heap:
 garbage-first heap   total 98304K, used 4668K [0x00000000a1c00000, 0x0000000100000000)
  region size 1024K, 2 young (2048K), 1 survivors (1024K)
 Metaspace       used 8238K, committed 8448K, reserved 1114112K
  class space    used 910K, committed 1024K, reserved 1048576K
GC Heap History (6 events):
Event: 1.626 GC heap before
{Heap before GC invocations=0 (full 0):
 garbage-first heap   total 98304K, used 6144K [0x00000000a1c00000, 0x0000000100000000)
  region size 1024K, 6 young (6144K), 0 survivors (0K)
 Metaspace       used 4656K, committed 4864K, reserved 1114112K
  class space    used 492K, committed 640K, reserved 1048576K
}
Event: 1.661 GC heap after
{Heap after GC invocations=1 (full 0):
 garbage-first heap   total 98304K, used 2432K [0x00000000a1c00000, 0x0000000100000000)
  region size 1024K, 1 young (1024K), 1 survivors (1024K)
 Metaspace       used 4656K, committed 4864K, reserved 1114112K
  class space    used 492K, committed 640K, reserved 1048576K
}
Event: 2.808 GC heap before
{Heap before GC invocations=1 (full 0):
 garbage-first heap   total 98304K, used 6528K [0x00000000a1c00000, 0x0000000100000000)
  region size 1024K, 5 young (5120K), 1 survivors (1024K)
 Metaspace       used 8106K, committed 8320K, reserved 1114112K
  class space    used 910K, committed 1024K, reserved 1048576K
}
Event: 2.816 GC heap after
{Heap after GC invocations=2 (full 0):
 garbage-first heap   total 98304K, used 4085K [0x00000000a1c00000, 0x0000000100000000)
  region size 1024K, 1 young (1024K), 1 survivors (1024K)
 Metaspace       used 8106K, committed 8320K, reserved 1114112K
  class space    used 910K, committed 1024K, reserved 1048576K
}
Event: 3.690 GC heap before
{Heap before GC invocations=2 (full 0):
 garbage-first heap   total 98304K, used 11253K [0x00000000a1c00000, 0x0000000100000000)
  region size 1024K, 8 young (8192K), 1 survivors (1024K)
 Metaspace       used 8236K, committed 8448K, reserved 1114112K
  class space    used 910K, committed 1024K, reserved 1048576K
}
Event: 3.703 GC heap after
{Heap after GC invocations=3 (full 0):
 garbage-first heap   total 98304K, used 4668K [0x00000000a1c00000, 0x0000000100000000)
  region size 1024K, 1 young (1024K), 1 survivors (1024K)
 Metaspace       used 8236K, committed 8448K, reserved 1114112K
  class space    used 910K, committed 1024K, reserved 1048576K
}

